

Started GET "/rails/info/properties" for 127.0.0.1 at Tue Feb 01 11:20:01 -0500 2011
  Processing by Rails::InfoController#properties as */*
  [1m[36mSQL (0.2ms)[0m  [1m SELECT name
 FROM sqlite_master
 WHERE type = 'table' AND NOT name = 'sqlite_sequence'
[0m
Rendered inline template (0.3ms)
Completed 200 OK in 48ms (Views: 1.1ms | ActiveRecord: 0.2ms)


Started GET "/rails/info/properties" for 127.0.0.1 at Tue Feb 01 11:20:03 -0500 2011
  Processing by Rails::InfoController#properties as */*
Rendered inline template (0.3ms)
Completed 200 OK in 1ms (Views: 0.7ms | ActiveRecord: 0.0ms)


Started GET "/rails/info/properties" for 127.0.0.1 at Tue Feb 01 11:20:03 -0500 2011
  Processing by Rails::InfoController#properties as */*
Rendered inline template (0.2ms)
Completed 200 OK in 1ms (Views: 0.6ms | ActiveRecord: 0.0ms)


Started GET "/rails/info/properties" for 127.0.0.1 at Tue Feb 01 17:14:37 -0500 2011
  Processing by Rails::InfoController#properties as */*
Rendered inline template (30.1ms)
Completed 200 OK in 92ms (Views: 57.9ms | ActiveRecord: 0.0ms)


Started GET "/rails/info/properties" for 127.0.0.1 at Tue Feb 01 17:14:41 -0500 2011
  Processing by Rails::InfoController#properties as */*
Rendered inline template (0.7ms)
Completed 200 OK in 49ms (Views: 16.4ms | ActiveRecord: 0.0ms)
